2012-03-27 10:55:10,154 INFO [org.springframework.web.context.ContextLoader] - Root WebApplicationContext: initialization started
2012-03-27 10:55:10,240 INFO [org.springframework.web.context.support.XmlWebApplicationContext] - Refreshing Root WebApplicationContext: startup date [Tue Mar 27 10:55:10 CEST 2012]; root of context hierarchy
2012-03-27 10:55:10,316 INFO [org.springframework.beans.factory.xml.XmlBeanDefinitionReader] - Loading XML bean definitions from ServletContext resource [/WEB-INF/applicationContext.xml]
2012-03-27 10:55:10,469 INFO [org.springframework.beans.factory.support.DefaultListableBeanFactory] - Pre-instantiating singletons in org.springframework.beans.factory.support.DefaultListableBeanFactory@7860e390: defining beans [jaxbMarshaller,messageConverter,restTemplate,dataHolder]; root of factory hierarchy
2012-03-27 10:55:10,511 INFO [org.springframework.oxm.jaxb.Jaxb2Marshaller] - Creating JAXBContext with classes to be bound [class com.opengate.common.xml.Code,class com.opengate.common.xml.Endpoint,class com.opengate.common.xml.EndpointStatus,class com.opengate.common.xml.MessageStatus,class com.opengate.common.xml.DeliveryStatus,class com.opengate.common.xml.DeliveryCode,class com.opengate.common.xml.StatusCode,class com.opengate.common.xml.Ogmessage]
2012-03-27 10:55:10,776 INFO [org.springframework.web.context.ContextLoader] - Root WebApplicationContext: initialization completed in 622 ms
2012-03-27 10:55:10,835 INFO [org.springframework.web.servlet.DispatcherServlet] - FrameworkServlet 'example': initialization started
2012-03-27 10:55:10,838 INFO [org.springframework.web.context.support.XmlWebApplicationContext] - Refreshing WebApplicationContext for namespace 'example-servlet': startup date [Tue Mar 27 10:55:10 CEST 2012]; parent: Root WebApplicationContext
2012-03-27 10:55:10,840 INFO [org.springframework.beans.factory.xml.XmlBeanDefinitionReader] - Loading XML bean definitions from ServletContext resource [/WEB-INF/example-servlet.xml]
2012-03-27 10:55:10,893 INFO [org.springframework.beans.factory.support.DefaultListableBeanFactory] - Pre-instantiating singletons in org.springframework.beans.factory.support.DefaultListableBeanFactory@1adbbe8b: defining beans [messageController,inboundMessageAdapter,messagesView,org.springframework.web.servlet.view.ContentNegotiatingViewResolver#0]; parent: org.springframework.beans.factory.support.DefaultListableBeanFactory@7860e390
2012-03-27 10:55:11,003 INFO [org.springframework.web.servlet.mvc.annotation.DefaultAnnotationHandlerMapping] - Mapped URL path [/{messageType}] onto handler 'messageController'
2012-03-27 10:55:11,004 INFO [org.springframework.web.servlet.mvc.annotation.DefaultAnnotationHandlerMapping] - Mapped URL path [/{messageType}.*] onto handler 'messageController'
2012-03-27 10:55:11,004 INFO [org.springframework.web.servlet.mvc.annotation.DefaultAnnotationHandlerMapping] - Mapped URL path [/{messageType}/] onto handler 'messageController'
2012-03-27 10:55:11,022 INFO [org.springframework.web.servlet.DispatcherServlet] - FrameworkServlet 'example': initialization completed in 187 ms
2012-03-27 12:45:44,744 INFO [org.springframework.web.context.support.XmlWebApplicationContext] - Closing WebApplicationContext for namespace 'example-servlet': startup date [Tue Mar 27 10:55:10 CEST 2012]; parent: Root WebApplicationContext
2012-03-27 12:45:44,744 INFO [org.springframework.beans.factory.support.DefaultListableBeanFactory] - Destroying singletons in org.springframework.beans.factory.support.DefaultListableBeanFactory@1adbbe8b: defining beans [messageController,inboundMessageAdapter,messagesView,org.springframework.web.servlet.view.ContentNegotiatingViewResolver#0]; parent: org.springframework.beans.factory.support.DefaultListableBeanFactory@7860e390
2012-03-27 12:45:44,748 INFO [org.springframework.web.context.support.XmlWebApplicationContext] - Closing Root WebApplicationContext: startup date [Tue Mar 27 10:55:10 CEST 2012]; root of context hierarchy
2012-03-27 12:45:44,748 INFO [org.springframework.beans.factory.support.DefaultListableBeanFactory] - Destroying singletons in org.springframework.beans.factory.support.DefaultListableBeanFactory@7860e390: defining beans [jaxbMarshaller,messageConverter,restTemplate,dataHolder]; root of factory hierarchy
2012-03-27 12:45:44,921 INFO [org.springframework.web.context.ContextLoader] - Root WebApplicationContext: initialization started
2012-03-27 12:45:44,962 INFO [org.springframework.web.context.support.XmlWebApplicationContext] - Refreshing Root WebApplicationContext: startup date [Tue Mar 27 12:45:44 CEST 2012]; root of context hierarchy
2012-03-27 12:45:44,993 INFO [org.springframework.beans.factory.xml.XmlBeanDefinitionReader] - Loading XML bean definitions from ServletContext resource [/WEB-INF/applicationContext.xml]
2012-03-27 12:45:45,050 INFO [org.springframework.beans.factory.support.DefaultListableBeanFactory] - Pre-instantiating singletons in org.springframework.beans.factory.support.DefaultListableBeanFactory@129a41d2: defining beans [jaxbMarshaller,messageConverter,restTemplate,dataHolder]; root of factory hierarchy
2012-03-27 12:45:45,082 INFO [org.springframework.oxm.jaxb.Jaxb2Marshaller] - Creating JAXBContext with classes to be bound [class com.opengate.common.xml.Code,class com.opengate.common.xml.Endpoint,class com.opengate.common.xml.EndpointStatus,class com.opengate.common.xml.MessageStatus,class com.opengate.common.xml.DeliveryStatus,class com.opengate.common.xml.DeliveryCode,class com.opengate.common.xml.StatusCode,class com.opengate.common.xml.Ogmessage]
2012-03-27 12:45:45,219 INFO [org.springframework.web.context.ContextLoader] - Root WebApplicationContext: initialization completed in 297 ms
2012-03-27 12:45:45,233 INFO [org.springframework.web.servlet.DispatcherServlet] - FrameworkServlet 'example': initialization started
2012-03-27 12:45:45,235 INFO [org.springframework.web.context.support.XmlWebApplicationContext] - Refreshing WebApplicationContext for namespace 'example-servlet': startup date [Tue Mar 27 12:45:45 CEST 2012]; parent: Root WebApplicationContext
2012-03-27 12:45:45,237 INFO [org.springframework.beans.factory.xml.XmlBeanDefinitionReader] - Loading XML bean definitions from ServletContext resource [/WEB-INF/example-servlet.xml]
2012-03-27 12:45:45,278 INFO [org.springframework.beans.factory.support.DefaultListableBeanFactory] - Pre-instantiating singletons in org.springframework.beans.factory.support.DefaultListableBeanFactory@25917a08: defining beans [messageController,inboundMessageAdapter,messagesView,org.springframework.web.servlet.view.ContentNegotiatingViewResolver#0]; parent: org.springframework.beans.factory.support.DefaultListableBeanFactory@129a41d2
2012-03-27 12:45:45,354 INFO [org.springframework.web.servlet.mvc.annotation.DefaultAnnotationHandlerMapping] - Mapped URL path [/{messageType}] onto handler 'messageController'
2012-03-27 12:45:45,354 INFO [org.springframework.web.servlet.mvc.annotation.DefaultAnnotationHandlerMapping] - Mapped URL path [/{messageType}.*] onto handler 'messageController'
2012-03-27 12:45:45,354 INFO [org.springframework.web.servlet.mvc.annotation.DefaultAnnotationHandlerMapping] - Mapped URL path [/{messageType}/] onto handler 'messageController'
2012-03-27 12:45:45,368 INFO [org.springframework.web.servlet.DispatcherServlet] - FrameworkServlet 'example': initialization completed in 135 ms
2012-03-27 12:46:25,557 INFO [org.springframework.web.context.support.XmlWebApplicationContext] - Closing WebApplicationContext for namespace 'example-servlet': startup date [Tue Mar 27 12:45:45 CEST 2012]; parent: Root WebApplicationContext
2012-03-27 12:46:25,558 INFO [org.springframework.beans.factory.support.DefaultListableBeanFactory] - Destroying singletons in org.springframework.beans.factory.support.DefaultListableBeanFactory@25917a08: defining beans [messageController,inboundMessageAdapter,messagesView,org.springframework.web.servlet.view.ContentNegotiatingViewResolver#0]; parent: org.springframework.beans.factory.support.DefaultListableBeanFactory@129a41d2
2012-03-27 12:46:25,559 INFO [org.springframework.web.context.support.XmlWebApplicationContext] - Closing Root WebApplicationContext: startup date [Tue Mar 27 12:45:44 CEST 2012]; root of context hierarchy
2012-03-27 12:46:25,559 INFO [org.springframework.beans.factory.support.DefaultListableBeanFactory] - Destroying singletons in org.springframework.beans.factory.support.DefaultListableBeanFactory@129a41d2: defining beans [jaxbMarshaller,messageConverter,restTemplate,dataHolder]; root of factory hierarchy
2012-03-27 12:46:31,365 INFO [org.springframework.web.context.ContextLoader] - Root WebApplicationContext: initialization started
2012-03-27 12:46:31,423 INFO [org.springframework.web.context.support.XmlWebApplicationContext] - Refreshing Root WebApplicationContext: startup date [Tue Mar 27 12:46:31 CEST 2012]; root of context hierarchy
2012-03-27 12:46:31,466 INFO [org.springframework.beans.factory.xml.XmlBeanDefinitionReader] - Loading XML bean definitions from ServletContext resource [/WEB-INF/applicationContext.xml]
2012-03-27 12:46:31,581 INFO [org.springframework.beans.factory.support.DefaultListableBeanFactory] - Pre-instantiating singletons in org.springframework.beans.factory.support.DefaultListableBeanFactory@7860e390: defining beans [jaxbMarshaller,messageConverter,restTemplate,dataHolder]; root of factory hierarchy
2012-03-27 12:46:31,637 INFO [org.springframework.oxm.jaxb.Jaxb2Marshaller] - Creating JAXBContext with classes to be bound [class com.opengate.common.xml.Code,class com.opengate.common.xml.Endpoint,class com.opengate.common.xml.EndpointStatus,class com.opengate.common.xml.MessageStatus,class com.opengate.common.xml.DeliveryStatus,class com.opengate.common.xml.DeliveryCode,class com.opengate.common.xml.StatusCode,class com.opengate.common.xml.Ogmessage]
2012-03-27 12:46:32,061 INFO [org.springframework.web.context.ContextLoader] - Root WebApplicationContext: initialization completed in 695 ms
2012-03-27 12:46:32,105 INFO [org.springframework.web.servlet.DispatcherServlet] - FrameworkServlet 'example': initialization started
2012-03-27 12:46:32,108 INFO [org.springframework.web.context.support.XmlWebApplicationContext] - Refreshing WebApplicationContext for namespace 'example-servlet': startup date [Tue Mar 27 12:46:32 CEST 2012]; parent: Root WebApplicationContext
2012-03-27 12:46:32,115 INFO [org.springframework.beans.factory.xml.XmlBeanDefinitionReader] - Loading XML bean definitions from ServletContext resource [/WEB-INF/example-servlet.xml]
2012-03-27 12:46:32,168 INFO [org.springframework.beans.factory.support.DefaultListableBeanFactory] - Pre-instantiating singletons in org.springframework.beans.factory.support.DefaultListableBeanFactory@7aaf8b32: defining beans [messageController,inboundMessageAdapter,messagesView,org.springframework.web.servlet.view.ContentNegotiatingViewResolver#0]; parent: org.springframework.beans.factory.support.DefaultListableBeanFactory@7860e390
2012-03-27 12:46:32,273 INFO [org.springframework.web.servlet.mvc.annotation.DefaultAnnotationHandlerMapping] - Mapped URL path [/{messageType}] onto handler 'messageController'
2012-03-27 12:46:32,273 INFO [org.springframework.web.servlet.mvc.annotation.DefaultAnnotationHandlerMapping] - Mapped URL path [/{messageType}.*] onto handler 'messageController'
2012-03-27 12:46:32,273 INFO [org.springframework.web.servlet.mvc.annotation.DefaultAnnotationHandlerMapping] - Mapped URL path [/{messageType}/] onto handler 'messageController'
2012-03-27 12:46:32,295 INFO [org.springframework.web.servlet.DispatcherServlet] - FrameworkServlet 'example': initialization completed in 190 ms
2012-03-27 12:57:17,851 INFO [org.springframework.web.context.support.XmlWebApplicationContext] - Closing WebApplicationContext for namespace 'example-servlet': startup date [Tue Mar 27 12:46:32 CEST 2012]; parent: Root WebApplicationContext
2012-03-27 12:57:17,852 INFO [org.springframework.beans.factory.support.DefaultListableBeanFactory] - Destroying singletons in org.springframework.beans.factory.support.DefaultListableBeanFactory@7aaf8b32: defining beans [messageController,inboundMessageAdapter,messagesView,org.springframework.web.servlet.view.ContentNegotiatingViewResolver#0]; parent: org.springframework.beans.factory.support.DefaultListableBeanFactory@7860e390
2012-03-27 12:57:17,854 INFO [org.springframework.web.context.support.XmlWebApplicationContext] - Closing Root WebApplicationContext: startup date [Tue Mar 27 12:46:31 CEST 2012]; root of context hierarchy
2012-03-27 12:57:17,854 INFO [org.springframework.beans.factory.support.DefaultListableBeanFactory] - Destroying singletons in org.springframework.beans.factory.support.DefaultListableBeanFactory@7860e390: defining beans [jaxbMarshaller,messageConverter,restTemplate,dataHolder]; root of factory hierarchy
2012-03-27 12:57:18,110 INFO [org.springframework.web.context.ContextLoader] - Root WebApplicationContext: initialization started
2012-03-27 12:57:18,156 INFO [org.springframework.web.context.support.XmlWebApplicationContext] - Refreshing Root WebApplicationContext: startup date [Tue Mar 27 12:57:18 CEST 2012]; root of context hierarchy
2012-03-27 12:57:18,189 INFO [org.springframework.beans.factory.xml.XmlBeanDefinitionReader] - Loading XML bean definitions from ServletContext resource [/WEB-INF/applicationContext.xml]
2012-03-27 12:57:18,244 INFO [org.springframework.beans.factory.support.DefaultListableBeanFactory] - Pre-instantiating singletons in org.springframework.beans.factory.support.DefaultListableBeanFactory@3020463e: defining beans [jaxbMarshaller,messageConverter,restTemplate,dataHolder]; root of factory hierarchy
2012-03-27 12:57:18,280 INFO [org.springframework.oxm.jaxb.Jaxb2Marshaller] - Creating JAXBContext with classes to be bound [class com.opengate.common.xml.Code,class com.opengate.common.xml.Endpoint,class com.opengate.common.xml.EndpointStatus,class com.opengate.common.xml.MessageStatus,class com.opengate.common.xml.DeliveryStatus,class com.opengate.common.xml.DeliveryCode,class com.opengate.common.xml.StatusCode,class com.opengate.common.xml.Ogmessage]
2012-03-27 12:57:18,433 INFO [org.springframework.web.context.ContextLoader] - Root WebApplicationContext: initialization completed in 323 ms
2012-03-27 12:57:18,443 INFO [org.springframework.web.servlet.DispatcherServlet] - FrameworkServlet 'example': initialization started
2012-03-27 12:57:18,445 INFO [org.springframework.web.context.support.XmlWebApplicationContext] - Refreshing WebApplicationContext for namespace 'example-servlet': startup date [Tue Mar 27 12:57:18 CEST 2012]; parent: Root WebApplicationContext
2012-03-27 12:57:18,447 INFO [org.springframework.beans.factory.xml.XmlBeanDefinitionReader] - Loading XML bean definitions from ServletContext resource [/WEB-INF/example-servlet.xml]
2012-03-27 12:57:18,473 INFO [org.springframework.beans.factory.support.DefaultListableBeanFactory] - Pre-instantiating singletons in org.springframework.beans.factory.support.DefaultListableBeanFactory@16bd4dc2: defining beans [messageController,inboundMessageAdapter,messagesView,org.springframework.web.servlet.view.ContentNegotiatingViewResolver#0]; parent: org.springframework.beans.factory.support.DefaultListableBeanFactory@3020463e
2012-03-27 12:57:18,541 INFO [org.springframework.web.servlet.mvc.annotation.DefaultAnnotationHandlerMapping] - Mapped URL path [/{messageType}] onto handler 'messageController'
2012-03-27 12:57:18,541 INFO [org.springframework.web.servlet.mvc.annotation.DefaultAnnotationHandlerMapping] - Mapped URL path [/{messageType}.*] onto handler 'messageController'
2012-03-27 12:57:18,541 INFO [org.springframework.web.servlet.mvc.annotation.DefaultAnnotationHandlerMapping] - Mapped URL path [/{messageType}/] onto handler 'messageController'
2012-03-27 12:57:18,555 INFO [org.springframework.web.servlet.DispatcherServlet] - FrameworkServlet 'example': initialization completed in 112 ms
2012-03-27 12:58:46,121 INFO [org.springframework.web.context.support.XmlWebApplicationContext] - Closing WebApplicationContext for namespace 'example-servlet': startup date [Tue Mar 27 12:57:18 CEST 2012]; parent: Root WebApplicationContext
2012-03-27 12:58:46,122 INFO [org.springframework.beans.factory.support.DefaultListableBeanFactory] - Destroying singletons in org.springframework.beans.factory.support.DefaultListableBeanFactory@16bd4dc2: defining beans [messageController,inboundMessageAdapter,messagesView,org.springframework.web.servlet.view.ContentNegotiatingViewResolver#0]; parent: org.springframework.beans.factory.support.DefaultListableBeanFactory@3020463e
2012-03-27 12:58:46,123 INFO [org.springframework.web.context.support.XmlWebApplicationContext] - Closing Root WebApplicationContext: startup date [Tue Mar 27 12:57:18 CEST 2012]; root of context hierarchy
2012-03-27 12:58:46,124 INFO [org.springframework.beans.factory.support.DefaultListableBeanFactory] - Destroying singletons in org.springframework.beans.factory.support.DefaultListableBeanFactory@3020463e: defining beans [jaxbMarshaller,messageConverter,restTemplate,dataHolder]; root of factory hierarchy
2012-03-27 12:58:51,938 INFO [org.springframework.web.context.ContextLoader] - Root WebApplicationContext: initialization started
2012-03-27 12:58:52,005 INFO [org.springframework.web.context.support.XmlWebApplicationContext] - Refreshing Root WebApplicationContext: startup date [Tue Mar 27 12:58:52 CEST 2012]; root of context hierarchy
2012-03-27 12:58:52,072 INFO [org.springframework.beans.factory.xml.XmlBeanDefinitionReader] - Loading XML bean definitions from ServletContext resource [/WEB-INF/applicationContext.xml]
2012-03-27 12:58:52,214 INFO [org.springframework.beans.factory.support.DefaultListableBeanFactory] - Pre-instantiating singletons in org.springframework.beans.factory.support.DefaultListableBeanFactory@32e62121: defining beans [jaxbMarshaller,messageConverter,restTemplate,dataHolder]; root of factory hierarchy
2012-03-27 12:58:52,280 INFO [org.springframework.oxm.jaxb.Jaxb2Marshaller] - Creating JAXBContext with classes to be bound [class com.opengate.common.xml.Code,class com.opengate.common.xml.Endpoint,class com.opengate.common.xml.EndpointStatus,class com.opengate.common.xml.MessageStatus,class com.opengate.common.xml.DeliveryStatus,class com.opengate.common.xml.DeliveryCode,class com.opengate.common.xml.StatusCode,class com.opengate.common.xml.Ogmessage]
2012-03-27 12:58:52,553 INFO [org.springframework.web.context.ContextLoader] - Root WebApplicationContext: initialization completed in 614 ms
2012-03-27 12:58:52,589 INFO [org.springframework.web.servlet.DispatcherServlet] - FrameworkServlet 'example': initialization started
2012-03-27 12:58:52,591 INFO [org.springframework.web.context.support.XmlWebApplicationContext] - Refreshing WebApplicationContext for namespace 'example-servlet': startup date [Tue Mar 27 12:58:52 CEST 2012]; parent: Root WebApplicationContext
2012-03-27 12:58:52,593 INFO [org.springframework.beans.factory.xml.XmlBeanDefinitionReader] - Loading XML bean definitions from ServletContext resource [/WEB-INF/example-servlet.xml]
2012-03-27 12:58:52,628 INFO [org.springframework.beans.factory.support.DefaultListableBeanFactory] - Pre-instantiating singletons in org.springframework.beans.factory.support.DefaultListableBeanFactory@4de514a9: defining beans [messageController,inboundMessageAdapter,messagesView,org.springframework.web.servlet.view.ContentNegotiatingViewResolver#0]; parent: org.springframework.beans.factory.support.DefaultListableBeanFactory@32e62121
2012-03-27 12:58:52,710 INFO [org.springframework.web.servlet.mvc.annotation.DefaultAnnotationHandlerMapping] - Mapped URL path [/{messageType}] onto handler 'messageController'
2012-03-27 12:58:52,710 INFO [org.springframework.web.servlet.mvc.annotation.DefaultAnnotationHandlerMapping] - Mapped URL path [/{messageType}.*] onto handler 'messageController'
2012-03-27 12:58:52,710 INFO [org.springframework.web.servlet.mvc.annotation.DefaultAnnotationHandlerMapping] - Mapped URL path [/{messageType}/] onto handler 'messageController'
2012-03-27 12:58:52,725 INFO [org.springframework.web.servlet.DispatcherServlet] - FrameworkServlet 'example': initialization completed in 136 ms
2012-03-27 13:14:12,322 INFO [org.springframework.web.context.support.XmlWebApplicationContext] - Closing WebApplicationContext for namespace 'example-servlet': startup date [Tue Mar 27 12:58:52 CEST 2012]; parent: Root WebApplicationContext
2012-03-27 13:14:12,322 INFO [org.springframework.beans.factory.support.DefaultListableBeanFactory] - Destroying singletons in org.springframework.beans.factory.support.DefaultListableBeanFactory@4de514a9: defining beans [messageController,inboundMessageAdapter,messagesView,org.springframework.web.servlet.view.ContentNegotiatingViewResolver#0]; parent: org.springframework.beans.factory.support.DefaultListableBeanFactory@32e62121
2012-03-27 13:14:12,325 INFO [org.springframework.web.context.support.XmlWebApplicationContext] - Closing Root WebApplicationContext: startup date [Tue Mar 27 12:58:52 CEST 2012]; root of context hierarchy
2012-03-27 13:14:12,325 INFO [org.springframework.beans.factory.support.DefaultListableBeanFactory] - Destroying singletons in org.springframework.beans.factory.support.DefaultListableBeanFactory@32e62121: defining beans [jaxbMarshaller,messageConverter,restTemplate,dataHolder]; root of factory hierarchy
2012-03-27 13:35:41,223 INFO [org.springframework.web.context.ContextLoader] - Root WebApplicationContext: initialization started
2012-03-27 13:35:41,355 INFO [org.springframework.web.context.support.XmlWebApplicationContext] - Refreshing Root WebApplicationContext: startup date [Tue Mar 27 13:35:41 CEST 2012]; root of context hierarchy
2012-03-27 13:35:41,422 INFO [org.springframework.beans.factory.xml.XmlBeanDefinitionReader] - Loading XML bean definitions from ServletContext resource [/WEB-INF/applicationContext.xml]
2012-03-27 13:35:41,535 INFO [org.springframework.beans.factory.support.DefaultListableBeanFactory] - Pre-instantiating singletons in org.springframework.beans.factory.support.DefaultListableBeanFactory@32e62121: defining beans [jaxbMarshaller,messageConverter,restTemplate,dataHolder]; root of factory hierarchy
2012-03-27 13:35:41,576 INFO [org.springframework.oxm.jaxb.Jaxb2Marshaller] - Creating JAXBContext with classes to be bound [class com.opengate.common.xml.Code,class com.opengate.common.xml.Endpoint,class com.opengate.common.xml.EndpointStatus,class com.opengate.common.xml.MessageStatus,class com.opengate.common.xml.DeliveryStatus,class com.opengate.common.xml.DeliveryCode,class com.opengate.common.xml.StatusCode,class com.opengate.common.xml.Ogmessage]
2012-03-27 13:35:41,851 INFO [org.springframework.web.context.ContextLoader] - Root WebApplicationContext: initialization completed in 627 ms
2012-03-27 13:35:41,887 INFO [org.springframework.web.servlet.DispatcherServlet] - FrameworkServlet 'example': initialization started
2012-03-27 13:35:41,889 INFO [org.springframework.web.context.support.XmlWebApplicationContext] - Refreshing WebApplicationContext for namespace 'example-servlet': startup date [Tue Mar 27 13:35:41 CEST 2012]; parent: Root WebApplicationContext
2012-03-27 13:35:41,892 INFO [org.springframework.beans.factory.xml.XmlBeanDefinitionReader] - Loading XML bean definitions from ServletContext resource [/WEB-INF/example-servlet.xml]
2012-03-27 13:35:41,927 INFO [org.springframework.beans.factory.support.DefaultListableBeanFactory] - Pre-instantiating singletons in org.springframework.beans.factory.support.DefaultListableBeanFactory@4de514a9: defining beans [messageController,inboundMessageAdapter,messagesView,org.springframework.web.servlet.view.ContentNegotiatingViewResolver#0]; parent: org.springframework.beans.factory.support.DefaultListableBeanFactory@32e62121
2012-03-27 13:35:42,051 INFO [org.springframework.web.servlet.mvc.annotation.DefaultAnnotationHandlerMapping] - Mapped URL path [/{messageType}] onto handler 'messageController'
2012-03-27 13:35:42,051 INFO [org.springframework.web.servlet.mvc.annotation.DefaultAnnotationHandlerMapping] - Mapped URL path [/{messageType}.*] onto handler 'messageController'
2012-03-27 13:35:42,051 INFO [org.springframework.web.servlet.mvc.annotation.DefaultAnnotationHandlerMapping] - Mapped URL path [/{messageType}/] onto handler 'messageController'
2012-03-27 13:35:42,068 INFO [org.springframework.web.servlet.DispatcherServlet] - FrameworkServlet 'example': initialization completed in 181 ms
2012-03-27 13:48:39,645 INFO [org.springframework.web.context.support.XmlWebApplicationContext] - Closing WebApplicationContext for namespace 'example-servlet': startup date [Tue Mar 27 13:35:41 CEST 2012]; parent: Root WebApplicationContext
2012-03-27 13:48:39,646 INFO [org.springframework.beans.factory.support.DefaultListableBeanFactory] - Destroying singletons in org.springframework.beans.factory.support.DefaultListableBeanFactory@4de514a9: defining beans [messageController,inboundMessageAdapter,messagesView,org.springframework.web.servlet.view.ContentNegotiatingViewResolver#0]; parent: org.springframework.beans.factory.support.DefaultListableBeanFactory@32e62121
2012-03-27 13:48:39,648 INFO [org.springframework.web.context.support.XmlWebApplicationContext] - Closing Root WebApplicationContext: startup date [Tue Mar 27 13:35:41 CEST 2012]; root of context hierarchy
2012-03-27 13:48:39,648 INFO [org.springframework.beans.factory.support.DefaultListableBeanFactory] - Destroying singletons in org.springframework.beans.factory.support.DefaultListableBeanFactory@32e62121: defining beans [jaxbMarshaller,messageConverter,restTemplate,dataHolder]; root of factory hierarchy
2012-03-27 13:48:39,853 INFO [org.springframework.web.context.ContextLoader] - Root WebApplicationContext: initialization started
2012-03-27 13:48:39,922 INFO [org.springframework.web.context.support.XmlWebApplicationContext] - Refreshing Root WebApplicationContext: startup date [Tue Mar 27 13:48:39 CEST 2012]; root of context hierarchy
2012-03-27 13:48:39,956 INFO [org.springframework.beans.factory.xml.XmlBeanDefinitionReader] - Loading XML bean definitions from ServletContext resource [/WEB-INF/applicationContext.xml]
2012-03-27 13:48:40,059 INFO [org.springframework.beans.factory.support.DefaultListableBeanFactory] - Pre-instantiating singletons in org.springframework.beans.factory.support.DefaultListableBeanFactory@12072edc: defining beans [jaxbMarshaller,messageConverter,restTemplate,dataHolder]; root of factory hierarchy
2012-03-27 13:48:40,092 INFO [org.springframework.oxm.jaxb.Jaxb2Marshaller] - Creating JAXBContext with classes to be bound [class com.opengate.common.xml.Code,class com.opengate.common.xml.Endpoint,class com.opengate.common.xml.EndpointStatus,class com.opengate.common.xml.MessageStatus,class com.opengate.common.xml.DeliveryStatus,class com.opengate.common.xml.DeliveryCode,class com.opengate.common.xml.StatusCode,class com.opengate.common.xml.Ogmessage]
2012-03-27 13:48:40,230 INFO [org.springframework.web.context.ContextLoader] - Root WebApplicationContext: initialization completed in 376 ms
2012-03-27 13:48:40,242 INFO [org.springframework.web.servlet.DispatcherServlet] - FrameworkServlet 'example': initialization started
2012-03-27 13:48:40,244 INFO [org.springframework.web.context.support.XmlWebApplicationContext] - Refreshing WebApplicationContext for namespace 'example-servlet': startup date [Tue Mar 27 13:48:40 CEST 2012]; parent: Root WebApplicationContext
2012-03-27 13:48:40,246 INFO [org.springframework.beans.factory.xml.XmlBeanDefinitionReader] - Loading XML bean definitions from ServletContext resource [/WEB-INF/example-servlet.xml]
2012-03-27 13:48:40,272 INFO [org.springframework.beans.factory.support.DefaultListableBeanFactory] - Pre-instantiating singletons in org.springframework.beans.factory.support.DefaultListableBeanFactory@5e4f12c2: defining beans [messageController,inboundMessageAdapter,messagesView,org.springframework.web.servlet.view.ContentNegotiatingViewResolver#0]; parent: org.springframework.beans.factory.support.DefaultListableBeanFactory@12072edc
2012-03-27 13:48:40,341 INFO [org.springframework.web.servlet.mvc.annotation.DefaultAnnotationHandlerMapping] - Mapped URL path [/{messageType}] onto handler 'messageController'
2012-03-27 13:48:40,341 INFO [org.springframework.web.servlet.mvc.annotation.DefaultAnnotationHandlerMapping] - Mapped URL path [/{messageType}.*] onto handler 'messageController'
2012-03-27 13:48:40,341 INFO [org.springframework.web.servlet.mvc.annotation.DefaultAnnotationHandlerMapping] - Mapped URL path [/{messageType}/] onto handler 'messageController'
2012-03-27 13:48:40,356 INFO [org.springframework.web.servlet.DispatcherServlet] - FrameworkServlet 'example': initialization completed in 113 ms
2012-03-27 14:11:40,321 INFO [org.springframework.web.context.support.XmlWebApplicationContext] - Closing WebApplicationContext for namespace 'example-servlet': startup date [Tue Mar 27 13:48:40 CEST 2012]; parent: Root WebApplicationContext
2012-03-27 14:11:40,322 INFO [org.springframework.beans.factory.support.DefaultListableBeanFactory] - Destroying singletons in org.springframework.beans.factory.support.DefaultListableBeanFactory@5e4f12c2: defining beans [messageController,inboundMessageAdapter,messagesView,org.springframework.web.servlet.view.ContentNegotiatingViewResolver#0]; parent: org.springframework.beans.factory.support.DefaultListableBeanFactory@12072edc
2012-03-27 14:11:40,323 INFO [org.springframework.web.context.support.XmlWebApplicationContext] - Closing Root WebApplicationContext: startup date [Tue Mar 27 13:48:39 CEST 2012]; root of context hierarchy
2012-03-27 14:11:40,323 INFO [org.springframework.beans.factory.support.DefaultListableBeanFactory] - Destroying singletons in org.springframework.beans.factory.support.DefaultListableBeanFactory@12072edc: defining beans [jaxbMarshaller,messageConverter,restTemplate,dataHolder]; root of factory hierarchy
